  xml.cpp
e:\code\myplane\xml.cpp(69): warning C4244: “return”: 从“double”转换到“float”，可能丢失数据
e:\code\myplane\xml.cpp(92): warning C4244: “return”: 从“double”转换到“float”，可能丢失数据
  utils.cpp
e:\code\myplane\utils.cpp(5): warning C4996: 'fopen': This function or variable may be unsafe. Consider using fopen_s instead. To disable deprecation, use _CRT_SECURE_NO_WARNINGS. See online help for details.
  c:\program files (x86)\windows kits\10\include\10.0.10240.0\ucrt\stdio.h(205): note: 参见“fopen”的声明
  playerplane1.cpp
  planemanager.cpp
  planeconfig.cpp
e:\code\myplane\planeconfig.cpp(43): warning C4244: “=”: 从“int32”转换到“float”，可能丢失数据
  plane1.cpp
e:\code\myplane\plane1.cpp(43): warning C4244: “参数”: 从“float”转换到“int32”，可能丢失数据
  plane.cpp
  plane0.cpp
e:\code\myplane\plane0.cpp(27): warning C4244: “=”: 从“int32”转换到“float”，可能丢失数据
e:\code\myplane\plane0.cpp(28): warning C4244: “=”: 从“int32”转换到“float”，可能丢失数据
e:\code\myplane\plane0.cpp(55): warning C4244: “参数”: 从“float”转换到“int32”，可能丢失数据
  picturemanager.cpp
  picture.cpp
  myplane.cpp
e:\code\myplane\types.h(8): warning C4005: “DELETE”: 宏重定义
  c:\program files (x86)\windows kits\8.1\include\um\winnt.h(9107): note: 参见“DELETE”的前一个定义
e:\code\myplane\myplane.cpp(342): warning C4101: “CharInfo”: 未引用的局部变量
  keyboardcontrol.cpp
c:\program files (x86)\windows kits\8.1\include\um\winnt.h(9107): warning C4005: “DELETE”: 宏重定义
  e:\code\myplane\types.h(8): note: 参见“DELETE”的前一个定义
e:\code\myplane\keyboardcontrol.cpp(32): warning C4244: “初始化”: 从“int32”转换到“float”，可能丢失数据
e:\code\myplane\keyboardcontrol.cpp(33): warning C4244: “初始化”: 从“int32”转换到“float”，可能丢失数据
  behaviourcontrol.cpp
  consolecanvas.cpp
c:\program files (x86)\windows kits\8.1\include\um\winnt.h(9107): warning C4005: “DELETE”: 宏重定义
  e:\code\myplane\types.h(8): note: 参见“DELETE”的前一个定义
e:\code\myplane\consolecanvas.cpp(61): warning C4838: 从“int32”转换到“SHORT”需要收缩转换
e:\code\myplane\consolecanvas.cpp(63): warning C4838: 从“int”转换到“SHORT”需要收缩转换
  canvas.cpp
c:\program files (x86)\windows kits\8.1\include\um\winnt.h(9107): warning C4005: “DELETE”: 宏重定义
  e:\code\myplane\types.h(8): note: 参见“DELETE”的前一个定义
  bulletmanager.cpp
  bulletbase.cpp
  bullet0.cpp
  bkmanager.cpp
  behaviourcontrolmanager.cpp
  正在生成代码...
  正在编译...
  behaviour0control.cpp
  正在生成代码...
  myplane.vcxproj -> E:\code\myplane\Debug\myplane.exe
  myplane.vcxproj -> E:\code\myplane\Debug\myplane.pdb (Full PDB)
